This is XeTeX, Version 3.14159265-2.6-0.99999 (TeX Live 2018/Arch Linux) (preloaded format=xelatex 2019.2.9)  10 FEB 2019 22:28
entering extended mode
 restricted \write18 enabled.
 %&-line parsing enabled.
**\makeatletter\def\HCode{\futurelet\HCode\HChar}\def\HChar{\ifx"\HCode\def\HCo
de"##1"{\Link##1}\expandafter\HCode\else\expandafter\Link\fi}\def\Link#1.a.b.c.
{\g@addto@macro\@documentclasshook{\RequirePackage[#1,html]{tex4ht}}\let\HCode\
documentstyle\def\documentstyle{\let\documentstyle\HCode\expandafter\def\csname
 tex4ht\endcsname{#1,html}\def\HCode####1{\documentstyle[tex4ht,}\@ifnextchar[{
\HCode}{\documentstyle[tex4ht]}}}\makeatother\HCode energy.tex.a.b.c.\input  -q


! Emergency stop.
<*> ...keatother\HCode energy.tex.a.b.c.\input  -q
                                                  
End of file on the terminal!

 
Here is how much of TeX's memory you used:
 5 strings out of 492956
 26 string characters out of 6139025
 63987 words of memory out of 5000000
 4123 multiletter control sequences out of 15000+600000
 3640 words of font info for 14 fonts, out of 8000000 for 9000
 1348 hyphenation exceptions out of 8191
 3i,0n,3p,1b,8s stack positions out of 5000i,500n,10000p,200000b,80000s
No pages of output.
